
##############################################
Beginning test NetworkConnectivity_2_FourServers

*CMD.........	Starting --servername theshire.nz --port 2222 --info "Home of the hobbits" --log-file theshire.log
[theshire.nz] 	Launching server theshire.nz...
*CMD.........	Waiting... 0.5
[theshire.nz] 	Listening for new connections on port 2222
*CMD.........	Starting --servername rivendale.nz --port 2223 --info "Elrond's House" --log-file rivendale.log --connect_to_host theshire.nz --connect_to_port 2222
[rivendale.nz] 	Launching server rivendale.nz...
*CMD.........	Waiting... 0.5
[theshire.nz] 	Accepted a connection from another server
bug
[rivendale.nz] 	Connected to another server
[rivendale.nz] 	Listening for new connections on port 2223
[theshire.nz] 	Received SERVER rivendale.nz 1 :"Elrond's House"

*CMD.........	Starting --servername minastiri.nz --port 2224 --info "Tower of Guard" --log-file minastirith.log --connect_to_host theshire.nz --connect_to_port 2222
[minastiri.nz] 	Launching server minastiri.nz...
*CMD.........	Waiting... 0.5
[minastiri.nz] 	Connected to another server
[minastiri.nz] 	Listening for new connections on port 2224
[theshire.nz] 	Accepted a connection from another server
bug
[theshire.nz] 	Received SERVER minastiri.nz 1 :"Tower of Guard"

*CMD.........	Starting --servername barad-dur.nz --port 2225 --info "the Dark Tower" --log-file barad-dur.log --connect_to_host minastiri.nz --connect_to_port 2224
[barad-dur.nz] 	Launching server barad-dur.nz...
*CMD.........	Waiting... 0.5
[barad-dur.nz] 	Connected to another server
[barad-dur.nz] 	Listening for new connections on port 2225
[minastiri.nz] 	Accepted a connection from another server
bug
[minastiri.nz] 	Received SERVER barad-dur.nz 1 :"the Dark Tower"


Test passed:True
